1622785368023	geckodriver	INFO	Listening on 127.0.0.1:60129
1622785371053	mozrunner::runner	INFO	Running command: "C:\\Program Files\\Mozilla Firefox\\firefox.exe" "--marionette" "-foreground" "-no-remote" "-profile" "C:\\Users\\Administrator\\AppData\\Local\\Temp\\rust_mozprofileEijtRl"
1622785431403	geckodriver	INFO	Listening on 127.0.0.1:60198
1622785434434	mozrunner::runner	INFO	Running command: "C:\\Program Files\\Mozilla Firefox\\firefox.exe" "--marionette" "-foreground" "-no-remote" "-profile" "C:\\Users\\Administrator\\AppData\\Local\\Temp\\rust_mozprofileqBAOfs"
1622785434839	Marionette	INFO	Marionette enabled
console.warn: SearchSettings: "get: No settings file exists, new profile?" (new NotFoundError("Could not open the file at C:\\Users\\Administrator\\AppData\\Local\\Temp\\rust_mozprofileqBAOfs\\search.json.mozlz4", (void 0)))
1622785437293	Marionette	INFO	Listening on port 60208
1622785437675	Marionette	WARN	TLS certificate errors will be ignored for this session
JavaScript error: resource://gre/actors/AutoCompleteChild.jsm, line 125: Error: Invalid autocomplete selectedIndex
1622785480212	Marionette	INFO	Stopped listening on port 60208

###!!! [Child][RunMessage] Error: Channel closing: too late to send/recv, messages will be lost

1622785565503	geckodriver	INFO	Listening on 127.0.0.1:60610
1622785568539	mozrunner::runner	INFO	Running command: "C:\\Program Files\\Mozilla Firefox\\firefox.exe" "--marionette" "-foreground" "-no-remote" "-profile" "C:\\Users\\Administrator\\AppData\\Local\\Temp\\rust_mozprofilel8zz3C"
1622785569056	Marionette	INFO	Marionette enabled
console.warn: SearchSettings: "get: No settings file exists, new profile?" (new NotFoundError("Could not open the file at C:\\Users\\Administrator\\AppData\\Local\\Temp\\rust_mozprofilel8zz3C\\search.json.mozlz4", (void 0)))
1622785571747	Marionette	INFO	Listening on port 60619
1622785572248	Marionette	WARN	TLS certificate errors will be ignored for this session
JavaScript error: resource://gre/actors/AutoCompleteChild.jsm, line 125: Error: Invalid autocomplete selectedIndex
1622785679177	Marionette	INFO	Stopped listening on port 60619

###!!! [Child][RunMessage] Error: Channel closing: too late to send/recv, messages will be lost

"--marionette" "-foreground" "-no-remote" "-profile" "C:\\Users\\Administrator\\AppData\\Local\\Temp\\rust_mozprofile1KcOYO"
1622785622261	Marionette	INFO	Marionette enabled
console.warn: SearchSettings: "get: No settings file exists, new profile?" (new NotFoundError("Could not open the file at C:\\Users\\Administrator\\AppData\\Local\\Temp\\rust_mozprofile1KcOYO\\search.json.mozlz4", (void 0)))
1622785624629	Marionette	INFO	Listening on port 60781
1622785625092	Marionette	WARN	TLS certificate errors will be ignored for this session
JavaScript error: resource://gre/actors/AutoCompleteChild.jsm, line 125: Error: Invalid autocomplete selectedIndex
1622785675628	Marionette	INFO	Stopped listening on port 60781

###!!! [Child][RunMessage] Error: Channel closing: too late to send/recv, messages will be lost

1622785713333	geckodriver	INFO	Listening on 127.0.0.1:60974
1622785716344	mozrunner::runner	INFO	Running command: "C:\\Program Files\\Mozilla Firefox\\firefox.exe" "--marionette" "-foreground" "-no-remote" "-profile" "C:\\Users\\Administrator\\AppData\\Local\\Temp\\rust_mozprofileRe1Ka6"
1622785716858	Marionette	INFO	Marionette enabled
console.warn: SearchSettings: "get: No settings file exists, new profile?" (new NotFoundError("Could not open the file at C:\\Users\\Administrator\\AppData\\Local\\Temp\\rust_mozprofileRe1Ka6\\search.json.mozlz4", (void 0)))
1622785718896	Marionette	INFO	Listening on port 60983
1622785719068	Marionette	WARN	TLS certificate errors will be ignored for this session
JavaScript error: resource://gre/actors/AutoCompleteChild.jsm, line 125: Error: Invalid autocomplete selectedIndex
1622785753897	Marionette	INFO	Stopped listening on port 60983

###!!! [Child][RunMessage] Error: Channel closing: too late to send/recv, messages will be lost

1622785782771	geckodriver	INFO	Listening on 127.0.0.1:61205
1622785785823	mozrunner::runner	INFO	Running command: "C:\\Program Files\\Mozilla Firefox\\firefox.exe" "--marionette" "-foreground" "-no-remote" "-profile" "C:\\Users\\Administrator\\AppData\\Local\\Temp\\rust_mozprofilevO2Lse"
1622785786354	Marionette	INFO	Marionette enabled
console.warn: SearchSettings: "get: No settings file exists, new profile?" (new NotFoundError("Could not open the file at C:\\Users\\Administrator\\AppData\\Local\\Temp\\rust_mozprofilevO2Lse\\search.json.mozlz4", (void 0)))
1622785788592	Marionette	INFO	Listening on port 61214
1622785789054	Marionette	WARN	TLS certificate errors will be ignored for this session
JavaScript error: resource://gre/actors/AutoCompleteChild.jsm, line 125: Error: Invalid autocomplete selectedIndex
JavaScript error: , line 0: NS_ERROR_NOT_AVAILABLE
1622791807045	Marionette	INFO	Stopped listening on port 61214

###!!! [Child][RunMessage] Error: Channel closing: too late to send/recv, messages will be lost

1622842865209	geckodriver	INFO	Listening on 127.0.0.1:53720
1622842868222	mozrunner::runner	INFO	Running command: "C:\\Program Files\\Mozilla Firefox\\firefox.exe" "--marionette" "-foreground" "-no-remote" "-profile" "C:\\Users\\Administrator\\AppData\\Local\\Temp\\rust_mozprofileqLWUmO"
1622842869089	Marionette	INFO	Marionette enabled
console.warn: SearchSettings: "get: No settings file exists, new profile?" (new NotFoundError("Could not open the file at C:\\Users\\Administrator\\AppData\\Local\\Temp\\rust_mozprofileqLWUmO\\search.json.mozlz4", (void 0)))
1622842872729	Marionette	INFO	Listening on port 53730
1622842873029	Marionette	WARN	TLS certificate errors will be ignored for this session
JavaScript error: resource://gre/actors/AutoCompleteChild.jsm, line 125: Error: Invalid autocomplete selectedIndex
1622843163400	Marionette	INFO	Stopped listening on port 53730

###!!! [Child][RunMessage] Error: Channel closing: too late to send/recv, messages will be lost

